<?xml version="1.0" encoding="UTF-8"?>
<testng-results skipped="0" failed="0" total="1" passed="1">
  <reporter-output>
  </reporter-output>
  <suite name="Suite" duration-ms="41901" started-at="2020-03-02T11:34:49Z" finished-at="2020-03-02T11:35:30Z">
    <groups>
    </groups>
    <test name="Test" duration-ms="41901" started-at="2020-03-02T11:34:49Z" finished-at="2020-03-02T11:35:30Z">
      <class name="TC_01">
        <test-method status="PASS" signature="test1()[pri:0, instance:TC_01@6767c1fc]" name="test1" duration-ms="41578" started-at="2020-03-02T17:04:49Z" finished-at="2020-03-02T17:05:30Z">
          <reporter-output>
          </reporter-output>
        </test-method> <!-- test1 -->
      </class> <!-- TC_01 -->
    </test> <!-- Test -->
  </suite> <!-- Suite -->
</testng-results>
