<?xml version="1.0" encoding="UTF-8"?>
<testng-results skipped="0" failed="0" total="1" passed="1">
  <reporter-output>
  </reporter-output>
  <suite name="Default suite" duration-ms="667" started-at="2020-03-10T06:37:08Z" finished-at="2020-03-10T06:37:09Z">
    <groups>
    </groups>
    <test name="Default test" duration-ms="667" started-at="2020-03-10T06:37:08Z" finished-at="2020-03-10T06:37:09Z">
      <class name="test1">
        <test-method status="PASS" signature="test1()[pri:0, instance:test1@8bd1b6a]" name="test1" duration-ms="632" started-at="2020-03-10T12:07:08Z" finished-at="2020-03-10T12:07:09Z">
          <reporter-output>
          </reporter-output>
        </test-method> <!-- test1 -->
      </class> <!-- test1 -->
    </test> <!-- Default test -->
  </suite> <!-- Default suite -->
</testng-results>
